Overall stats for: thc#mAxPower (1 Round)

Weapon      Acrcy Hits/Shts Kills Deaths Headshots
--------------------------------------------------
Luger     :  50.0   10/20       1      0         0
Colt      :                     0      1         0
MP 40     :  28.8  125/434     11      0        16
Thompson  :  60.0    3/5        1      4         0
Grenade   :  46.7    7/15       7      1
G.Launchr :                     0      1
Syringe   :  90.9   10/11

Damage Given:   2678     Team Damage Given:    134
Damage Recvd:   2230     Team Damage Recvd:    129

Kills:   20   Team Kills:   2   Accuracy:    30.1%
Deaths:   7   Self Kills:  14   Headshots:   11.6%
Gibs:     4   Team Gibs:    0   Playtime:    84.7%

Rank: Schutze (165 XP)

Skills         Level/Points
---------------------------
Battle Sense   4 (50)
Engineering    4 (7)
First Aid      4 (46)
Light Weapons  4 (62)


GUID      TEAM       Player          TmX TmL TmP Kll Dth Gib  SK  TK  TG Eff    DG    DR  TDG  TDR  Score  Rating  Delta
------------------------------------------------------------------------------------------------------------------------
23114BE0* Axis       thc#mAxPower     15   0  84  20   7   4  14   2   0  74  2678  2230  134  129    165    0.00  +0.00
D466874D* Axis       thc#shaun        15   0  85  39  18  12  13   3   1  68  3840  2549  334  452    159    0.00  +0.00
3C7240D6* Axis       thc#Desti        15   0  91  28   6  22  13   2   1  82  5353  3090  119  287    155    0.00  +0.00
BDEB3A26* Axis       thc#trendyFC     14   0  84  20   8   9   4   1   0  71  2948  2114  135  250    142    0.00  +0.00
763F7FF8* Axis       thc#Gho$t        15   0  84  31  10  22  13   0   2  75  4967  2029  167  240    130    0.00  +0.00
BB914575* Axis       thc#mufasa#seri  15   0  75  25  22   8   7   4   4  53  5298  2860  614  145     92    0.00  +0.00
------------------------------------------------------------------------------------------------------------------------
