10:33.12 ------------------------------------------------------------
10:33.12 InitGame: \mod_version\3.2.6\mod_url\http://etpro.anime.net/\g_maxlivesRespawnPenalty\0\voteFlags\0\g_balancedteams\0\g_maxGameClients\0\g_covertopsChargeTime\30000\g_soldierChargeTime\20000\g_LTChargeTime\40000\g_engineerChargeTime\30000\g_medicChargeTime\45000\g_bluelimbotime\30000\g_redlimbotime\30000\gamename\etpro\g_heavyWeaponRestriction\100\g_gametype\4\g_antilag\1\g_voteFlags\0\g_alliedmaxlives\0\g_axismaxlives\0\g_minGameClients\8\g_needpass\0\g_maxlives\0\g_friendlyFire\1\sv_allowAnonymous\0\sv_floodProtect\0\sv_maxPing\0\sv_minPing\0\sv_maxRate\13000\sv_minguidage\0\sv_punkbuster\0\sv_hostname\A New Clanservers.com Server is Born\sv_privateClients\4\mapname\oasis\protocol\84\timelimit\0\version\ET 2.60b linux-i386 May  8 2006\sv_maxclients\14
10:33.41 ShutdownGame:
10:33.41 ------------------------------------------------------------
10:33.41 ------------------------------------------------------------
10:33.41 InitGame: \mod_version\3.2.6\mod_url\http://etpro.anime.net/\g_maxlivesRespawnPenalty\0\voteFlags\4352\g_balancedteams\1\g_maxGameClients\0\g_covertopsChargeTime\30000\g_soldierChargeTime\20000\g_LTChargeTime\40000\g_engineerChargeTime\30000\g_medicChargeTime\45000\g_bluelimbotime\20000\g_redlimbotime\30000\gamename\etpro\g_heavyWeaponRestriction\100\g_gametype\4\g_antilag\1\g_voteFlags\0\g_alliedmaxlives\0\g_axismaxlives\0\g_minGameClients\8\g_needpass\1\g_maxlives\0\g_friendlyFire\1\sv_allowAnonymous\0\sv_floodProtect\0\sv_maxPing\0\sv_minPing\0\sv_maxRate\13000\sv_minguidage\0\sv_punkbuster\0\sv_hostname\A New Clanservers.com Server is Born\sv_privateClients\4\mapname\oasis\protocol\84\timelimit\30\version\ET 2.60b linux-i386 May  8 2006\sv_maxclients\14
11:03.40 Exit: Timelimit hit.
11:03.40 red:0  blue:0
11:04.40 ExitLevel: executed
11:04.40 ShutdownGame:
11:04.40 ------------------------------------------------------------
11:04.40 ------------------------------------------------------------
11:04.40 InitGame: \mod_version\3.2.6\mod_url\http://etpro.anime.net/\g_maxlivesRespawnPenalty\0\voteFlags\4352\g_balancedteams\1\g_maxGameClients\0\g_covertopsChargeTime\30000\g_soldierChargeTime\20000\g_LTChargeTime\40000\g_engineerChargeTime\30000\g_medicChargeTime\45000\g_bluelimbotime\20000\g_redlimbotime\30000\gamename\etpro\g_heavyWeaponRestriction\100\g_gametype\4\g_antilag\1\g_voteFlags\0\g_alliedmaxlives\0\g_axismaxlives\0\g_minGameClients\8\g_needpass\1\g_maxlives\0\g_friendlyFire\1\sv_allowAnonymous\0\sv_floodProtect\0\sv_maxPing\0\sv_minPing\0\sv_maxRate\13000\sv_minguidage\0\sv_punkbuster\0\sv_hostname\A New Clanservers.com Server is Born\sv_privateClients\4\mapname\battery\protocol\84\timelimit\30\version\ET 2.60b linux-i386 May  8 2006\sv_maxclients\14
11:05.11 ShutdownGame:
11:05.11 ------------------------------------------------------------
11:05.11 ------------------------------------------------------------
11:05.11 InitGame: \mod_version\3.2.6\mod_url\http://etpro.anime.net/\g_maxlivesRespawnPenalty\0\voteFlags\4352\g_balancedteams\1\g_maxGameClients\0\g_covertopsChargeTime\30000\g_soldierChargeTime\20000\g_LTChargeTime\40000\g_engineerChargeTime\30000\g_medicChargeTime\45000\g_bluelimbotime\20000\g_redlimbotime\30000\gamename\etpro\g_heavyWeaponRestriction\100\g_gametype\4\g_antilag\1\g_voteFlags\0\g_alliedmaxlives\0\g_axismaxlives\0\g_minGameClients\8\g_needpass\1\g_maxlives\0\g_friendlyFire\1\sv_allowAnonymous\0\sv_floodProtect\0\sv_maxPing\0\sv_minPing\0\sv_maxRate\13000\sv_minguidage\0\sv_punkbuster\0\sv_hostname\A New Clanservers.com Server is Born\sv_privateClients\4\mapname\battery\protocol\84\timelimit\20\version\ET 2.60b linux-i386 May  8 2006\sv_maxclients\14
11:25.10 Exit: Timelimit hit.
11:25.10 red:0  blue:0
11:26.10 ExitLevel: executed
11:26.10 ShutdownGame:
11:26.10 ------------------------------------------------------------
11:26.10 ------------------------------------------------------------
11:26.10 InitGame: \mod_version\3.2.6\mod_url\http://etpro.anime.net/\g_maxlivesRespawnPenalty\0\voteFlags\4352\g_balancedteams\1\g_maxGameClients\0\g_covertopsChargeTime\30000\g_soldierChargeTime\20000\g_LTChargeTime\40000\g_engineerChargeTime\30000\g_medicChargeTime\45000\g_bluelimbotime\20000\g_redlimbotime\30000\gamename\etpro\g_heavyWeaponRestriction\100\g_gametype\4\g_antilag\1\g_voteFlags\0\g_alliedmaxlives\0\g_axismaxlives\0\g_minGameClients\8\g_needpass\1\g_maxlives\0\g_friendlyFire\1\sv_allowAnonymous\0\sv_floodProtect\0\sv_maxPing\0\sv_minPing\0\sv_maxRate\13000\sv_minguidage\0\sv_punkbuster\0\sv_hostname\A New Clanservers.com Server is Born\sv_privateClients\4\mapname\goldrush\protocol\84\timelimit\20\version\ET 2.60b linux-i386 May  8 2006\sv_maxclients\14
11:26.40 ShutdownGame:
11:26.40 ------------------------------------------------------------
11:26.40 ------------------------------------------------------------
11:26.40 InitGame: \mod_version\3.2.6\mod_url\http://etpro.anime.net/\g_maxlivesRespawnPenalty\0\voteFlags\4352\g_balancedteams\1\g_maxGameClients\0\g_covertopsChargeTime\30000\g_soldierChargeTime\20000\g_LTChargeTime\40000\g_engineerChargeTime\30000\g_medicChargeTime\45000\g_bluelimbotime\20000\g_redlimbotime\30000\gamename\etpro\g_heavyWeaponRestriction\100\g_gametype\4\g_antilag\1\g_voteFlags\0\g_alliedmaxlives\0\g_axismaxlives\0\g_minGameClients\8\g_needpass\1\g_maxlives\0\g_friendlyFire\1\sv_allowAnonymous\0\sv_floodProtect\0\sv_maxPing\0\sv_minPing\0\sv_maxRate\13000\sv_minguidage\0\sv_punkbuster\0\sv_hostname\A New Clanservers.com Server is Born\sv_privateClients\4\mapname\goldrush\protocol\84\timelimit\30\version\ET 2.60b linux-i386 May  8 2006\sv_maxclients\14
11:56.40 Exit: Timelimit hit.
11:56.40 red:0  blue:0
11:57.40 ExitLevel: executed
11:57.40 ShutdownGame:
11:57.40 ------------------------------------------------------------
11:57.40 ------------------------------------------------------------
11:57.40 InitGame: \mod_version\3.2.6\mod_url\http://etpro.anime.net/\g_maxlivesRespawnPenalty\0\voteFlags\4352\g_balancedteams\1\g_maxGameClients\0\g_covertopsChargeTime\30000\g_soldierChargeTime\20000\g_LTChargeTime\40000\g_engineerChargeTime\30000\g_medicChargeTime\45000\g_bluelimbotime\20000\g_redlimbotime\30000\gamename\etpro\g_heavyWeaponRestriction\100\g_gametype\4\g_antilag\1\g_voteFlags\0\g_alliedmaxlives\0\g_axismaxlives\0\g_minGameClients\8\g_needpass\1\g_maxlives\0\g_friendlyFire\1\sv_allowAnonymous\0\sv_floodProtect\0\sv_maxPing\0\sv_minPing\0\sv_maxRate\13000\sv_minguidage\0\sv_punkbuster\0\sv_hostname\A New Clanservers.com Server is Born\sv_privateClients\4\mapname\radar\protocol\84\timelimit\30\version\ET 2.60b linux-i386 May  8 2006\sv_maxclients\14
11:58.10 ShutdownGame:
11:58.10 ------------------------------------------------------------
11:58.10 ------------------------------------------------------------
11:58.10 InitGame: \mod_version\3.2.6\mod_url\http://etpro.anime.net/\g_maxlivesRespawnPenalty\0\voteFlags\4352\g_balancedteams\1\g_maxGameClients\0\g_covertopsChargeTime\30000\g_soldierChargeTime\20000\g_LTChargeTime\40000\g_engineerChargeTime\30000\g_medicChargeTime\45000\g_bluelimbotime\20000\g_redlimbotime\30000\gamename\etpro\g_heavyWeaponRestriction\100\g_gametype\4\g_antilag\1\g_voteFlags\0\g_alliedmaxlives\0\g_axismaxlives\0\g_minGameClients\8\g_needpass\1\g_maxlives\0\g_friendlyFire\1\sv_allowAnonymous\0\sv_floodProtect\0\sv_maxPing\0\sv_minPing\0\sv_maxRate\13000\sv_minguidage\0\sv_punkbuster\0\sv_hostname\A New Clanservers.com Server is Born\sv_privateClients\4\mapname\radar\protocol\84\timelimit\20\version\ET 2.60b linux-i386 May  8 2006\sv_maxclients\14
12:18.09 Exit: Timelimit hit.
12:18.09 red:0  blue:0
12:19.09 ExitLevel: executed
12:19.09 ShutdownGame:
12:19.09 ------------------------------------------------------------
12:19.10 ------------------------------------------------------------
12:19.10 InitGame: \mod_version\3.2.6\mod_url\http://etpro.anime.net/\g_maxlivesRespawnPenalty\0\voteFlags\4352\g_balancedteams\1\g_maxGameClients\0\g_covertopsChargeTime\30000\g_soldierChargeTime\20000\g_LTChargeTime\40000\g_engineerChargeTime\30000\g_medicChargeTime\45000\g_bluelimbotime\20000\g_redlimbotime\30000\gamename\etpro\g_heavyWeaponRestriction\100\g_gametype\4\g_antilag\1\g_voteFlags\0\g_alliedmaxlives\0\g_axismaxlives\0\g_minGameClients\8\g_needpass\1\g_maxlives\0\g_friendlyFire\1\sv_allowAnonymous\0\sv_floodProtect\0\sv_maxPing\0\sv_minPing\0\sv_maxRate\13000\sv_minguidage\0\sv_punkbuster\0\sv_hostname\A New Clanservers.com Server is Born\sv_privateClients\4\mapname\railgun\protocol\84\timelimit\20\version\ET 2.60b linux-i386 May  8 2006\sv_maxclients\14
12:19.40 ShutdownGame:
12:19.40 ------------------------------------------------------------
12:19.40 ------------------------------------------------------------
12:19.40 InitGame: \mod_version\3.2.6\mod_url\http://etpro.anime.net/\g_maxlivesRespawnPenalty\0\voteFlags\4352\g_balancedteams\1\g_maxGameClients\0\g_covertopsChargeTime\30000\g_soldierChargeTime\20000\g_LTChargeTime\40000\g_engineerChargeTime\30000\g_medicChargeTime\45000\g_bluelimbotime\20000\g_redlimbotime\20000\gamename\etpro\g_heavyWeaponRestriction\100\g_gametype\4\g_antilag\1\g_voteFlags\0\g_alliedmaxlives\0\g_axismaxlives\0\g_minGameClients\8\g_needpass\1\g_maxlives\0\g_friendlyFire\1\sv_allowAnonymous\0\sv_floodProtect\0\sv_maxPing\0\sv_minPing\0\sv_maxRate\13000\sv_minguidage\0\sv_punkbuster\0\sv_hostname\A New Clanservers.com Server is Born\sv_privateClients\4\mapname\railgun\protocol\84\timelimit\30\version\ET 2.60b linux-i386 May  8 2006\sv_maxclients\14
12:49.39 Exit: Timelimit hit.
12:49.39 red:0  blue:0
12:50.39 ExitLevel: executed
12:50.39 ShutdownGame:
12:50.39 ------------------------------------------------------------
12:50.39 ------------------------------------------------------------
12:50.39 InitGame: \mod_version\3.2.6\mod_url\http://etpro.anime.net/\g_maxlivesRespawnPenalty\0\voteFlags\4352\g_balancedteams\1\g_maxGameClients\0\g_covertopsChargeTime\30000\g_soldierChargeTime\20000\g_LTChargeTime\40000\g_engineerChargeTime\30000\g_medicChargeTime\45000\g_bluelimbotime\20000\g_redlimbotime\20000\gamename\etpro\g_heavyWeaponRestriction\100\g_gametype\4\g_antilag\1\g_voteFlags\0\g_alliedmaxlives\0\g_axismaxlives\0\g_minGameClients\8\g_needpass\1\g_maxlives\0\g_friendlyFire\1\sv_allowAnonymous\0\sv_floodProtect\0\sv_maxPing\0\sv_minPing\0\sv_maxRate\13000\sv_minguidage\0\sv_punkbuster\0\sv_hostname\A New Clanservers.com Server is Born\sv_privateClients\4\mapname\fueldump\protocol\84\timelimit\30\version\ET 2.60b linux-i386 May  8 2006\sv_maxclients\14
12:51.09 ShutdownGame:
12:51.09 ------------------------------------------------------------
12:51.09 ------------------------------------------------------------
12:51.09 InitGame: \mod_version\3.2.6\mod_url\http://etpro.anime.net/\g_maxlivesRespawnPenalty\0\voteFlags\4352\g_balancedteams\1\g_maxGameClients\0\g_covertopsChargeTime\30000\g_soldierChargeTime\20000\g_LTChargeTime\40000\g_engineerChargeTime\30000\g_medicChargeTime\45000\g_bluelimbotime\20000\g_redlimbotime\30000\gamename\etpro\g_heavyWeaponRestriction\100\g_gametype\4\g_antilag\1\g_voteFlags\0\g_alliedmaxlives\0\g_axismaxlives\0\g_minGameClients\8\g_needpass\1\g_maxlives\0\g_friendlyFire\1\sv_allowAnonymous\0\sv_floodProtect\0\sv_maxPing\0\sv_minPing\0\sv_maxRate\13000\sv_minguidage\0\sv_punkbuster\0\sv_hostname\A New Clanservers.com Server is Born\sv_privateClients\4\mapname\fueldump\protocol\84\timelimit\30\version\ET 2.60b linux-i386 May  8 2006\sv_maxclients\14
13:02.13 ------------------------------------------------------------
13:02.13 InitGame: \mod_version\3.2.6\mod_url\http://etpro.anime.net/\g_maxlivesRespawnPenalty\0\voteFlags\0\g_balancedteams\0\g_maxGameClients\0\g_covertopsChargeTime\30000\g_soldierChargeTime\20000\g_LTChargeTime\40000\g_engineerChargeTime\30000\g_medicChargeTime\45000\g_bluelimbotime\30000\g_redlimbotime\30000\gamename\etpro\g_heavyWeaponRestriction\100\g_gametype\4\g_antilag\1\g_voteFlags\0\g_alliedmaxlives\0\g_axismaxlives\0\g_minGameClients\8\g_needpass\0\g_maxlives\0\g_friendlyFire\1\sv_allowAnonymous\0\sv_floodProtect\0\sv_maxPing\0\sv_minPing\0\sv_maxRate\25000\sv_minguidage\0\sv_punkbuster\0\sv_hostname\^1Kwik^7-^2E^7-^1Mart\sv_privateClients\4\mapname\oasis\protocol\84\timelimit\0\version\ET 2.60b linux-i386 May  8 2006\sv_maxclients\14
13:02.41 ShutdownGame:
13:02.41 ------------------------------------------------------------
